<?xml version="1.0" encoding="UTF-8"?>
<!-- Generated by org.testng.reporters.JUnitReportReporter -->
<testsuite hostname="SRAJU" name="utils.InitiateHubAndNode" tests="1" failures="0" timestamp="5 Feb 2016 09:41:23 GMT" time="0.076" errors="0">
  <testcase name="setup" time="0.076" classname="utils.InitiateHubAndNode"/>
</testsuite> <!-- utils.InitiateHubAndNode -->
